<?xml version="1.0" encoding="UTF-8"?>
<!-- Generated by org.testng.reporters.JUnitReportReporter -->
<testsuite hostname="Natarajan" name="execution.TestSuite" tests="2" failures="0" timestamp="21 Jul 2016 12:22:57 GMT" time="144.450" errors="0">
  <testcase name="New_Document" time="90.651" classname="execution.TestSuite"/>
  <testcase name="Edit_Document" time="53.799" classname="execution.TestSuite"/>
</testsuite> <!-- execution.TestSuite -->
